2026/04/07 22:49:41 [notice] 1#1: using the "epoll" event method
2026/04/07 22:49:41 [notice] 1#1: nginx/1.27.5
2026/04/07 22:49:41 [notice] 1#1: built by gcc 14.2.0 (Alpine 14.2.0) 
2026/04/07 22:49:41 [notice] 1#1: OS: Linux 6.12.72-linuxkit
2026/04/07 22:49:41 [notice] 1#1: getrlimit(RLIMIT_NOFILE): 1048576:1048576
2026/04/07 22:49:41 [notice] 1#1: start worker processes
2026/04/07 22:49:41 [notice] 1#1: start worker process 21
2026/04/07 22:49:41 [notice] 1#1: start worker process 22
2026/04/07 22:49:41 [notice] 1#1: start worker process 23
2026/04/07 22:49:41 [notice] 1#1: start worker process 24
2026/04/07 22:49:41 [notice] 1#1: start worker process 25
2026/04/07 22:49:41 [notice] 1#1: start worker process 26
2026/04/07 22:49:41 [notice] 1#1: start worker process 27
2026/04/07 22:49:41 [notice] 1#1: start worker process 28
2026/04/07 22:49:46 [notice] 1#1: signal 17 (SIGCHLD) received from 36
2026/04/07 22:49:46 [notice] 1#1: unknown process 36 exited with code 0
2026/04/07 22:50:16 [notice] 1#1: signal 17 (SIGCHLD) received from 44
2026/04/07 22:50:16 [notice] 1#1: unknown process 44 exited with code 0
2026/04/07 22:50:47 [notice] 1#1: signal 17 (SIGCHLD) received from 52
2026/04/07 22:50:47 [notice] 1#1: unknown process 52 exited with code 0
2026/04/07 22:51:18 [notice] 1#1: signal 17 (SIGCHLD) received from 60
2026/04/07 22:51:18 [notice] 1#1: unknown process 60 exited with code 0
2026/04/07 22:51:49 [notice] 1#1: signal 17 (SIGCHLD) received from 68
2026/04/07 22:51:49 [notice] 1#1: unknown process 68 exited with code 0
2026/04/07 22:52:19 [notice] 1#1: signal 17 (SIGCHLD) received from 75
2026/04/07 22:52:19 [notice] 1#1: unknown process 75 exited with code 0
2026/04/07 22:52:50 [notice] 1#1: signal 17 (SIGCHLD) received from 83
2026/04/07 22:52:50 [notice] 1#1: unknown process 83 exited with code 0
2026/04/07 22:53:20 [notice] 1#1: signal 17 (SIGCHLD) received from 91
2026/04/07 22:53:20 [notice] 1#1: unknown process 91 exited with code 0
2026/04/07 22:53:50 [notice] 1#1: signal 17 (SIGCHLD) received from 99
2026/04/07 22:53:50 [notice] 1#1: unknown process 99 exited with code 0
2026/04/07 22:53:50 [notice] 1#1: signal 3 (SIGQUIT) received, shutting down
2026/04/07 22:53:50 [notice] 22#22: gracefully shutting down
2026/04/07 22:53:50 [notice] 24#24: gracefully shutting down
2026/04/07 22:53:50 [notice] 26#26: gracefully shutting down
2026/04/07 22:53:50 [notice] 28#28: gracefully shutting down
2026/04/07 22:53:50 [notice] 27#27: gracefully shutting down
2026/04/07 22:53:50 [notice] 23#23: gracefully shutting down
2026/04/07 22:53:50 [notice] 21#21: gracefully shutting down
2026/04/07 22:53:50 [notice] 28#28: exiting
2026/04/07 22:53:50 [notice] 25#25: gracefully shutting down
2026/04/07 22:53:50 [notice] 22#22: exiting
2026/04/07 22:53:50 [notice] 24#24: exiting
2026/04/07 22:53:50 [notice] 26#26: exiting
2026/04/07 22:53:50 [notice] 23#23: exiting
2026/04/07 22:53:50 [notice] 21#21: exiting
2026/04/07 22:53:50 [notice] 27#27: exiting
2026/04/07 22:53:50 [notice] 25#25: exiting
2026/04/07 22:53:50 [notice] 27#27: exit
2026/04/07 22:53:50 [notice] 22#22: exit
2026/04/07 22:53:50 [notice] 23#23: exit
2026/04/07 22:53:50 [notice] 21#21: exit
2026/04/07 22:53:50 [notice] 24#24: exit
2026/04/07 22:53:50 [notice] 28#28: exit
2026/04/07 22:53:50 [notice] 25#25: exit
2026/04/07 22:53:50 [notice] 26#26: exit
2026/04/07 22:53:50 [notice] 1#1: signal 17 (SIGCHLD) received from 21
2026/04/07 22:53:50 [notice] 1#1: worker process 21 exited with code 0
2026/04/07 22:53:50 [notice] 1#1: signal 29 (SIGIO) received
2026/04/07 22:53:50 [notice] 1#1: signal 17 (SIGCHLD) received from 24
2026/04/07 22:53:50 [notice] 1#1: worker process 23 exited with code 0
2026/04/07 22:53:50 [notice] 1#1: worker process 24 exited with code 0
2026/04/07 22:53:50 [notice] 1#1: worker process 25 exited with code 0
2026/04/07 22:53:50 [notice] 1#1: worker process 26 exited with code 0
2026/04/07 22:53:50 [notice] 1#1: worker process 28 exited with code 0
2026/04/07 22:53:50 [notice] 1#1: signal 29 (SIGIO) received
2026/04/07 22:53:50 [notice] 1#1: signal 17 (SIGCHLD) received from 28
2026/04/07 22:53:50 [notice] 1#1: signal 17 (SIGCHLD) received from 27
2026/04/07 22:53:50 [notice] 1#1: worker process 27 exited with code 0
2026/04/07 22:53:50 [notice] 1#1: signal 29 (SIGIO) received
2026/04/07 22:53:50 [notice] 1#1: signal 17 (SIGCHLD) received from 22
2026/04/07 22:53:50 [notice] 1#1: worker process 22 exited with code 0
2026/04/07 22:53:50 [notice] 1#1: exit
2026/04/07 23:25:47 [notice] 1#1: using the "epoll" event method
2026/04/07 23:25:47 [notice] 1#1: nginx/1.27.5
2026/04/07 23:25:47 [notice] 1#1: built by gcc 14.2.0 (Alpine 14.2.0) 
2026/04/07 23:25:47 [notice] 1#1: OS: Linux 6.12.72-linuxkit
2026/04/07 23:25:47 [notice] 1#1: getrlimit(RLIMIT_NOFILE): 1048576:1048576
2026/04/07 23:25:47 [notice] 1#1: start worker processes
2026/04/07 23:25:47 [notice] 1#1: start worker process 21
2026/04/07 23:25:47 [notice] 1#1: start worker process 22
2026/04/07 23:25:47 [notice] 1#1: start worker process 23
2026/04/07 23:25:47 [notice] 1#1: start worker process 24
2026/04/07 23:25:47 [notice] 1#1: start worker process 25
2026/04/07 23:25:47 [notice] 1#1: start worker process 26
2026/04/07 23:25:47 [notice] 1#1: start worker process 27
2026/04/07 23:25:47 [notice] 1#1: start worker process 28
2026/04/07 23:25:52 [notice] 1#1: signal 17 (SIGCHLD) received from 36
2026/04/07 23:25:52 [notice] 1#1: unknown process 36 exited with code 0
2026/04/07 23:26:22 [notice] 1#1: signal 17 (SIGCHLD) received from 44
2026/04/07 23:26:22 [notice] 1#1: unknown process 44 exited with code 0
2026/04/07 23:26:52 [notice] 1#1: signal 17 (SIGCHLD) received from 52
2026/04/07 23:26:52 [notice] 1#1: unknown process 52 exited with code 0
2026/04/07 23:27:22 [notice] 1#1: signal 17 (SIGCHLD) received from 60
2026/04/07 23:27:22 [notice] 1#1: unknown process 60 exited with code 0
2026/04/07 23:27:53 [notice] 1#1: signal 17 (SIGCHLD) received from 68
2026/04/07 23:27:53 [notice] 1#1: unknown process 68 exited with code 0
2026/04/07 23:28:23 [notice] 1#1: signal 17 (SIGCHLD) received from 76
2026/04/07 23:28:23 [notice] 1#1: unknown process 76 exited with code 0
2026/04/07 23:28:53 [notice] 1#1: signal 17 (SIGCHLD) received from 84
2026/04/07 23:28:53 [notice] 1#1: unknown process 84 exited with code 0
2026/04/07 23:29:23 [notice] 1#1: signal 17 (SIGCHLD) received from 92
2026/04/07 23:29:23 [notice] 1#1: unknown process 92 exited with code 0
2026/04/07 23:29:53 [notice] 1#1: signal 17 (SIGCHLD) received from 100
2026/04/07 23:29:53 [notice] 1#1: unknown process 100 exited with code 0
2026/04/07 23:30:23 [notice] 1#1: signal 17 (SIGCHLD) received from 108
2026/04/07 23:30:23 [notice] 1#1: unknown process 108 exited with code 0
2026/04/07 23:30:53 [notice] 1#1: signal 17 (SIGCHLD) received from 116
2026/04/07 23:30:53 [notice] 1#1: unknown process 116 exited with code 0
2026/04/07 23:31:23 [notice] 1#1: signal 17 (SIGCHLD) received from 124
2026/04/07 23:31:23 [notice] 1#1: unknown process 124 exited with code 0
2026/04/07 23:31:53 [notice] 1#1: signal 17 (SIGCHLD) received from 132
2026/04/07 23:31:53 [notice] 1#1: unknown process 132 exited with code 0
2026/04/07 23:32:24 [notice] 1#1: signal 17 (SIGCHLD) received from 140
2026/04/07 23:32:24 [notice] 1#1: unknown process 140 exited with code 0
2026/04/07 23:32:54 [notice] 1#1: signal 17 (SIGCHLD) received from 148
2026/04/07 23:32:54 [notice] 1#1: unknown process 148 exited with code 0
2026/04/07 23:33:24 [notice] 1#1: signal 17 (SIGCHLD) received from 156
2026/04/07 23:33:24 [notice] 1#1: unknown process 156 exited with code 0
2026/04/07 23:33:54 [notice] 1#1: signal 17 (SIGCHLD) received from 164
2026/04/07 23:33:54 [notice] 1#1: unknown process 164 exited with code 0
2026/04/07 23:34:24 [notice] 1#1: signal 17 (SIGCHLD) received from 172
2026/04/07 23:34:24 [notice] 1#1: unknown process 172 exited with code 0
2026/04/07 23:34:54 [notice] 1#1: signal 17 (SIGCHLD) received from 180
2026/04/07 23:34:54 [notice] 1#1: unknown process 180 exited with code 0
2026/04/07 23:35:24 [notice] 1#1: signal 17 (SIGCHLD) received from 188
2026/04/07 23:35:24 [notice] 1#1: unknown process 188 exited with code 0
2026/04/07 23:35:55 [notice] 1#1: signal 17 (SIGCHLD) received from 196
2026/04/07 23:35:55 [notice] 1#1: unknown process 196 exited with code 0
2026/04/07 23:36:25 [notice] 1#1: signal 17 (SIGCHLD) received from 204
2026/04/07 23:36:25 [notice] 1#1: unknown process 204 exited with code 0
2026/04/07 23:36:55 [notice] 1#1: signal 17 (SIGCHLD) received from 212
2026/04/07 23:36:55 [notice] 1#1: unknown process 212 exited with code 0
2026/04/07 23:37:25 [notice] 1#1: signal 17 (SIGCHLD) received from 220
2026/04/07 23:37:25 [notice] 1#1: unknown process 220 exited with code 0
2026/04/07 23:37:55 [notice] 1#1: signal 17 (SIGCHLD) received from 228
2026/04/07 23:37:55 [notice] 1#1: unknown process 228 exited with code 0
2026/04/07 23:38:25 [notice] 1#1: signal 17 (SIGCHLD) received from 236
2026/04/07 23:38:25 [notice] 1#1: unknown process 236 exited with code 0
2026/04/07 23:38:55 [notice] 1#1: signal 17 (SIGCHLD) received from 244
2026/04/07 23:38:55 [notice] 1#1: unknown process 244 exited with code 0
2026/04/07 23:39:25 [notice] 1#1: signal 17 (SIGCHLD) received from 252
2026/04/07 23:39:25 [notice] 1#1: unknown process 252 exited with code 0
2026/04/07 23:39:55 [notice] 1#1: signal 17 (SIGCHLD) received from 260
2026/04/07 23:39:55 [notice] 1#1: unknown process 260 exited with code 0
2026/04/07 23:40:25 [notice] 1#1: signal 17 (SIGCHLD) received from 268
2026/04/07 23:40:25 [notice] 1#1: unknown process 268 exited with code 0
2026/04/07 23:40:56 [notice] 1#1: signal 17 (SIGCHLD) received from 276
2026/04/07 23:40:56 [notice] 1#1: unknown process 276 exited with code 0
2026/04/07 23:41:26 [notice] 1#1: signal 17 (SIGCHLD) received from 284
2026/04/07 23:41:26 [notice] 1#1: unknown process 284 exited with code 0
2026/04/07 23:41:56 [notice] 1#1: signal 17 (SIGCHLD) received from 292
2026/04/07 23:41:56 [notice] 1#1: unknown process 292 exited with code 0
2026/04/07 23:42:26 [notice] 1#1: signal 17 (SIGCHLD) received from 300
2026/04/07 23:42:26 [notice] 1#1: unknown process 300 exited with code 0
2026/04/07 23:42:56 [notice] 1#1: signal 17 (SIGCHLD) received from 308
2026/04/07 23:42:56 [notice] 1#1: unknown process 308 exited with code 0
2026/04/07 23:43:26 [notice] 1#1: signal 17 (SIGCHLD) received from 315
2026/04/07 23:43:26 [notice] 1#1: unknown process 315 exited with code 0
2026/04/07 23:43:56 [notice] 1#1: signal 17 (SIGCHLD) received from 323
2026/04/07 23:43:56 [notice] 1#1: unknown process 323 exited with code 0
2026/04/07 23:44:26 [notice] 1#1: signal 17 (SIGCHLD) received from 331
2026/04/07 23:44:26 [notice] 1#1: unknown process 331 exited with code 0
2026/04/07 23:44:57 [notice] 1#1: signal 17 (SIGCHLD) received from 339
2026/04/07 23:44:57 [notice] 1#1: unknown process 339 exited with code 0
2026/04/07 23:45:27 [notice] 1#1: signal 17 (SIGCHLD) received from 347
2026/04/07 23:45:27 [notice] 1#1: unknown process 347 exited with code 0
2026/04/07 23:45:57 [notice] 1#1: signal 17 (SIGCHLD) received from 355
2026/04/07 23:45:57 [notice] 1#1: unknown process 355 exited with code 0
2026/04/07 23:46:27 [notice] 1#1: signal 17 (SIGCHLD) received from 363
2026/04/07 23:46:27 [notice] 1#1: unknown process 363 exited with code 0
2026/04/07 23:46:57 [notice] 1#1: signal 17 (SIGCHLD) received from 371
2026/04/07 23:46:57 [notice] 1#1: unknown process 371 exited with code 0
2026/04/07 23:47:27 [notice] 1#1: signal 17 (SIGCHLD) received from 379
2026/04/07 23:47:27 [notice] 1#1: unknown process 379 exited with code 0
2026/04/07 23:47:57 [notice] 1#1: signal 17 (SIGCHLD) received from 387
2026/04/07 23:47:57 [notice] 1#1: unknown process 387 exited with code 0
2026/04/07 23:48:27 [notice] 1#1: signal 17 (SIGCHLD) received from 395
2026/04/07 23:48:27 [notice] 1#1: unknown process 395 exited with code 0
2026/04/07 23:48:57 [notice] 1#1: signal 17 (SIGCHLD) received from 403
2026/04/07 23:48:57 [notice] 1#1: unknown process 403 exited with code 0
2026/04/07 23:49:28 [notice] 1#1: signal 17 (SIGCHLD) received from 411
2026/04/07 23:49:28 [notice] 1#1: unknown process 411 exited with code 0
2026/04/07 23:49:58 [notice] 1#1: signal 17 (SIGCHLD) received from 419
2026/04/07 23:49:58 [notice] 1#1: unknown process 419 exited with code 0
2026/04/07 23:50:28 [notice] 1#1: signal 17 (SIGCHLD) received from 427
2026/04/07 23:50:28 [notice] 1#1: unknown process 427 exited with code 0
2026/04/07 23:50:58 [notice] 1#1: signal 17 (SIGCHLD) received from 435
2026/04/07 23:50:58 [notice] 1#1: unknown process 435 exited with code 0
2026/04/07 23:51:28 [notice] 1#1: signal 17 (SIGCHLD) received from 443
2026/04/07 23:51:28 [notice] 1#1: unknown process 443 exited with code 0
2026/04/07 23:51:59 [notice] 1#1: signal 17 (SIGCHLD) received from 451
2026/04/07 23:51:59 [notice] 1#1: unknown process 451 exited with code 0
2026/04/07 23:52:29 [notice] 1#1: signal 17 (SIGCHLD) received from 459
2026/04/07 23:52:29 [notice] 1#1: unknown process 459 exited with code 0
2026/04/07 23:52:59 [notice] 1#1: signal 17 (SIGCHLD) received from 467
2026/04/07 23:52:59 [notice] 1#1: unknown process 467 exited with code 0
2026/04/07 23:53:29 [notice] 1#1: signal 17 (SIGCHLD) received from 475
2026/04/07 23:53:29 [notice] 1#1: unknown process 475 exited with code 0
2026/04/07 23:53:59 [notice] 1#1: signal 17 (SIGCHLD) received from 483
2026/04/07 23:53:59 [notice] 1#1: unknown process 483 exited with code 0
2026/04/07 23:54:29 [notice] 1#1: signal 17 (SIGCHLD) received from 491
2026/04/07 23:54:29 [notice] 1#1: unknown process 491 exited with code 0
2026/04/07 23:54:59 [notice] 1#1: signal 17 (SIGCHLD) received from 499
2026/04/07 23:54:59 [notice] 1#1: unknown process 499 exited with code 0
2026/04/07 23:55:29 [notice] 1#1: signal 17 (SIGCHLD) received from 507
2026/04/07 23:55:29 [notice] 1#1: unknown process 507 exited with code 0
2026/04/07 23:55:59 [notice] 1#1: signal 17 (SIGCHLD) received from 515
2026/04/07 23:55:59 [notice] 1#1: unknown process 515 exited with code 0
2026/04/07 23:56:29 [notice] 1#1: signal 17 (SIGCHLD) received from 523
2026/04/07 23:56:29 [notice] 1#1: unknown process 523 exited with code 0
2026/04/07 23:56:59 [notice] 1#1: signal 17 (SIGCHLD) received from 531
2026/04/07 23:56:59 [notice] 1#1: unknown process 531 exited with code 0
2026/04/07 23:57:30 [notice] 1#1: signal 17 (SIGCHLD) received from 539
2026/04/07 23:57:30 [notice] 1#1: unknown process 539 exited with code 0
2026/04/07 23:58:00 [notice] 1#1: signal 17 (SIGCHLD) received from 546
2026/04/07 23:58:00 [notice] 1#1: unknown process 546 exited with code 0
2026/04/07 23:58:30 [notice] 1#1: signal 17 (SIGCHLD) received from 554
2026/04/07 23:58:30 [notice] 1#1: unknown process 554 exited with code 0
2026/04/07 23:59:00 [notice] 1#1: signal 17 (SIGCHLD) received from 562
2026/04/07 23:59:00 [notice] 1#1: unknown process 562 exited with code 0
2026/04/07 23:59:30 [notice] 1#1: signal 17 (SIGCHLD) received from 570
2026/04/07 23:59:30 [notice] 1#1: unknown process 570 exited with code 0
2026/04/08 00:00:00 [notice] 1#1: signal 17 (SIGCHLD) received from 578
2026/04/08 00:00:00 [notice] 1#1: unknown process 578 exited with code 0
2026/04/08 00:00:31 [notice] 1#1: signal 17 (SIGCHLD) received from 586
2026/04/08 00:00:31 [notice] 1#1: unknown process 586 exited with code 0
2026/04/08 00:01:01 [notice] 1#1: signal 17 (SIGCHLD) received from 594
2026/04/08 00:01:01 [notice] 1#1: unknown process 594 exited with code 0
2026/04/08 00:01:31 [notice] 1#1: signal 17 (SIGCHLD) received from 602
2026/04/08 00:01:31 [notice] 1#1: unknown process 602 exited with code 0
2026/04/08 00:02:01 [notice] 1#1: signal 17 (SIGCHLD) received from 610
2026/04/08 00:02:01 [notice] 1#1: unknown process 610 exited with code 0
2026/04/08 00:02:31 [notice] 1#1: signal 17 (SIGCHLD) received from 618
2026/04/08 00:02:31 [notice] 1#1: unknown process 618 exited with code 0
2026/04/08 00:03:01 [notice] 1#1: signal 17 (SIGCHLD) received from 626
2026/04/08 00:03:01 [notice] 1#1: unknown process 626 exited with code 0
2026/04/08 00:03:31 [notice] 1#1: signal 17 (SIGCHLD) received from 634
2026/04/08 00:03:31 [notice] 1#1: unknown process 634 exited with code 0
2026/04/08 00:04:01 [notice] 1#1: signal 17 (SIGCHLD) received from 642
2026/04/08 00:04:01 [notice] 1#1: unknown process 642 exited with code 0
2026/04/08 00:04:31 [notice] 1#1: signal 17 (SIGCHLD) received from 650
2026/04/08 00:04:31 [notice] 1#1: unknown process 650 exited with code 0
2026/04/08 00:05:01 [notice] 1#1: signal 17 (SIGCHLD) received from 658
2026/04/08 00:05:01 [notice] 1#1: unknown process 658 exited with code 0
2026/04/08 00:05:32 [notice] 1#1: signal 17 (SIGCHLD) received from 666
2026/04/08 00:05:32 [notice] 1#1: unknown process 666 exited with code 0
2026/04/08 00:06:02 [notice] 1#1: signal 17 (SIGCHLD) received from 674
2026/04/08 00:06:02 [notice] 1#1: unknown process 674 exited with code 0
2026/04/08 00:06:32 [notice] 1#1: signal 17 (SIGCHLD) received from 682
2026/04/08 00:06:32 [notice] 1#1: unknown process 682 exited with code 0
2026/04/08 00:07:02 [notice] 1#1: signal 17 (SIGCHLD) received from 690
2026/04/08 00:07:02 [notice] 1#1: unknown process 690 exited with code 0
2026/04/08 00:07:32 [notice] 1#1: signal 17 (SIGCHLD) received from 698
2026/04/08 00:07:32 [notice] 1#1: unknown process 698 exited with code 0
2026/04/08 00:08:02 [notice] 1#1: signal 17 (SIGCHLD) received from 706
2026/04/08 00:08:02 [notice] 1#1: unknown process 706 exited with code 0
2026/04/08 00:08:32 [notice] 1#1: signal 17 (SIGCHLD) received from 714
2026/04/08 00:08:32 [notice] 1#1: unknown process 714 exited with code 0
2026/04/08 00:09:02 [notice] 1#1: signal 17 (SIGCHLD) received from 722
2026/04/08 00:09:02 [notice] 1#1: unknown process 722 exited with code 0
2026/04/08 00:09:32 [notice] 1#1: signal 17 (SIGCHLD) received from 730
2026/04/08 00:09:32 [notice] 1#1: unknown process 730 exited with code 0
2026/04/08 00:10:03 [notice] 1#1: signal 17 (SIGCHLD) received from 738
2026/04/08 00:10:03 [notice] 1#1: unknown process 738 exited with code 0
2026/04/08 00:10:33 [notice] 1#1: signal 17 (SIGCHLD) received from 746
2026/04/08 00:10:33 [notice] 1#1: unknown process 746 exited with code 0
2026/04/08 00:11:03 [notice] 1#1: signal 17 (SIGCHLD) received from 754
2026/04/08 00:11:03 [notice] 1#1: unknown process 754 exited with code 0
2026/04/08 00:11:33 [notice] 1#1: signal 17 (SIGCHLD) received from 762
2026/04/08 00:11:33 [notice] 1#1: unknown process 762 exited with code 0
2026/04/08 00:12:03 [notice] 1#1: signal 17 (SIGCHLD) received from 770
2026/04/08 00:12:03 [notice] 1#1: unknown process 770 exited with code 0
2026/04/08 00:12:33 [notice] 1#1: signal 17 (SIGCHLD) received from 778
2026/04/08 00:12:33 [notice] 1#1: unknown process 778 exited with code 0
2026/04/08 00:13:04 [notice] 1#1: signal 17 (SIGCHLD) received from 786
2026/04/08 00:13:04 [notice] 1#1: unknown process 786 exited with code 0
2026/04/08 00:13:34 [notice] 1#1: signal 17 (SIGCHLD) received from 794
2026/04/08 00:13:34 [notice] 1#1: unknown process 794 exited with code 0
2026/04/08 00:14:04 [notice] 1#1: signal 17 (SIGCHLD) received from 802
2026/04/08 00:14:04 [notice] 1#1: unknown process 802 exited with code 0
2026/04/08 00:14:34 [notice] 1#1: signal 17 (SIGCHLD) received from 810
2026/04/08 00:14:34 [notice] 1#1: unknown process 810 exited with code 0
2026/04/08 00:15:04 [notice] 1#1: signal 17 (SIGCHLD) received from 818
2026/04/08 00:15:04 [notice] 1#1: unknown process 818 exited with code 0
2026/04/08 00:15:34 [notice] 1#1: signal 17 (SIGCHLD) received from 826
2026/04/08 00:15:34 [notice] 1#1: unknown process 826 exited with code 0
2026/04/08 00:16:04 [notice] 1#1: signal 17 (SIGCHLD) received from 834
2026/04/08 00:16:04 [notice] 1#1: unknown process 834 exited with code 0
2026/04/08 00:16:34 [notice] 1#1: signal 17 (SIGCHLD) received from 842
2026/04/08 00:16:34 [notice] 1#1: unknown process 842 exited with code 0
2026/04/08 00:17:05 [notice] 1#1: signal 17 (SIGCHLD) received from 850
2026/04/08 00:17:05 [notice] 1#1: unknown process 850 exited with code 0
2026/04/08 00:17:35 [notice] 1#1: signal 17 (SIGCHLD) received from 858
2026/04/08 00:17:35 [notice] 1#1: unknown process 858 exited with code 0
2026/04/08 00:18:05 [notice] 1#1: signal 17 (SIGCHLD) received from 866
2026/04/08 00:18:05 [notice] 1#1: unknown process 866 exited with code 0
2026/04/08 00:18:35 [notice] 1#1: signal 17 (SIGCHLD) received from 874
2026/04/08 00:18:35 [notice] 1#1: unknown process 874 exited with code 0
2026/04/08 00:19:06 [notice] 1#1: signal 17 (SIGCHLD) received from 882
2026/04/08 00:19:06 [notice] 1#1: unknown process 882 exited with code 0
2026/04/08 00:19:36 [notice] 1#1: signal 17 (SIGCHLD) received from 890
2026/04/08 00:19:36 [notice] 1#1: unknown process 890 exited with code 0
2026/04/08 00:20:06 [notice] 1#1: signal 17 (SIGCHLD) received from 898
2026/04/08 00:20:06 [notice] 1#1: unknown process 898 exited with code 0
2026/04/08 00:20:36 [notice] 1#1: signal 17 (SIGCHLD) received from 906
2026/04/08 00:20:36 [notice] 1#1: unknown process 906 exited with code 0
2026/04/08 00:21:06 [notice] 1#1: signal 17 (SIGCHLD) received from 914
2026/04/08 00:21:06 [notice] 1#1: unknown process 914 exited with code 0
2026/04/08 00:21:36 [notice] 1#1: signal 17 (SIGCHLD) received from 922
2026/04/08 00:21:36 [notice] 1#1: unknown process 922 exited with code 0
2026/04/08 00:22:07 [notice] 1#1: signal 17 (SIGCHLD) received from 930
2026/04/08 00:22:07 [notice] 1#1: unknown process 930 exited with code 0
2026/04/08 00:22:37 [notice] 1#1: signal 17 (SIGCHLD) received from 938
2026/04/08 00:22:37 [notice] 1#1: unknown process 938 exited with code 0
2026/04/08 00:23:07 [notice] 1#1: signal 17 (SIGCHLD) received from 946
2026/04/08 00:23:07 [notice] 1#1: unknown process 946 exited with code 0
2026/04/08 00:23:37 [notice] 1#1: signal 17 (SIGCHLD) received from 954
2026/04/08 00:23:37 [notice] 1#1: unknown process 954 exited with code 0
2026/04/08 00:24:08 [notice] 1#1: signal 17 (SIGCHLD) received from 962
2026/04/08 00:24:08 [notice] 1#1: unknown process 962 exited with code 0
2026/04/08 00:24:38 [notice] 1#1: signal 17 (SIGCHLD) received from 970
2026/04/08 00:24:38 [notice] 1#1: unknown process 970 exited with code 0
2026/04/08 00:25:08 [notice] 1#1: signal 17 (SIGCHLD) received from 978
2026/04/08 00:25:08 [notice] 1#1: unknown process 978 exited with code 0
2026/04/08 00:25:38 [notice] 1#1: signal 17 (SIGCHLD) received from 986
2026/04/08 00:25:38 [notice] 1#1: unknown process 986 exited with code 0
2026/04/08 00:26:08 [notice] 1#1: signal 17 (SIGCHLD) received from 995
2026/04/08 00:26:08 [notice] 1#1: unknown process 995 exited with code 0
2026/04/08 00:26:38 [notice] 1#1: signal 17 (SIGCHLD) received from 1003
2026/04/08 00:26:38 [notice] 1#1: unknown process 1003 exited with code 0
2026/04/08 00:27:10 [notice] 1#1: signal 17 (SIGCHLD) received from 1011
2026/04/08 00:27:10 [notice] 1#1: unknown process 1011 exited with code 0
2026/04/08 00:27:40 [notice] 1#1: signal 17 (SIGCHLD) received from 1019
2026/04/08 00:27:40 [notice] 1#1: unknown process 1019 exited with code 0
2026/04/08 00:28:10 [notice] 1#1: signal 17 (SIGCHLD) received from 1027
2026/04/08 00:28:10 [notice] 1#1: unknown process 1027 exited with code 0
2026/04/08 00:28:40 [notice] 1#1: signal 17 (SIGCHLD) received from 1035
2026/04/08 00:28:40 [notice] 1#1: unknown process 1035 exited with code 0
2026/04/08 00:29:10 [notice] 1#1: signal 17 (SIGCHLD) received from 1043
2026/04/08 00:29:10 [notice] 1#1: unknown process 1043 exited with code 0
2026/04/08 00:29:40 [notice] 1#1: signal 17 (SIGCHLD) received from 1051
2026/04/08 00:29:40 [notice] 1#1: unknown process 1051 exited with code 0
2026/04/08 00:30:10 [notice] 1#1: signal 17 (SIGCHLD) received from 1059
2026/04/08 00:30:10 [notice] 1#1: unknown process 1059 exited with code 0
2026/04/08 00:30:41 [notice] 1#1: signal 17 (SIGCHLD) received from 1067
2026/04/08 00:30:41 [notice] 1#1: unknown process 1067 exited with code 0
2026/04/08 00:31:11 [notice] 1#1: signal 17 (SIGCHLD) received from 1075
2026/04/08 00:31:11 [notice] 1#1: unknown process 1075 exited with code 0
2026/04/08 00:31:41 [notice] 1#1: signal 17 (SIGCHLD) received from 1083
2026/04/08 00:31:41 [notice] 1#1: unknown process 1083 exited with code 0
2026/04/08 00:31:46 [notice] 1#1: signal 3 (SIGQUIT) received, shutting down
2026/04/08 00:31:46 [notice] 22#22: gracefully shutting down
2026/04/08 00:31:46 [notice] 27#27: gracefully shutting down
2026/04/08 00:31:46 [notice] 23#23: gracefully shutting down
2026/04/08 00:31:46 [notice] 24#24: gracefully shutting down
2026/04/08 00:31:46 [notice] 26#26: gracefully shutting down
2026/04/08 00:31:46 [notice] 21#21: gracefully shutting down
2026/04/08 00:31:46 [notice] 28#28: gracefully shutting down
2026/04/08 00:31:46 [notice] 21#21: exiting
2026/04/08 00:31:46 [notice] 25#25: gracefully shutting down
2026/04/08 00:31:46 [notice] 28#28: exiting
2026/04/08 00:31:46 [notice] 27#27: exiting
2026/04/08 00:31:46 [notice] 23#23: exiting
2026/04/08 00:31:46 [notice] 25#25: exiting
2026/04/08 00:31:46 [notice] 24#24: exiting
2026/04/08 00:31:46 [notice] 22#22: exiting
2026/04/08 00:31:46 [notice] 26#26: exiting
2026/04/08 00:31:46 [notice] 27#27: exit
2026/04/08 00:31:46 [notice] 23#23: exit
2026/04/08 00:31:46 [notice] 28#28: exit
2026/04/08 00:31:46 [notice] 25#25: exit
2026/04/08 00:31:46 [notice] 24#24: exit
2026/04/08 00:31:46 [notice] 21#21: exit
2026/04/08 00:31:46 [notice] 22#22: exit
2026/04/08 00:31:46 [notice] 26#26: exit
2026/04/08 00:31:46 [notice] 1#1: signal 17 (SIGCHLD) received from 27
2026/04/08 00:31:46 [notice] 1#1: worker process 27 exited with code 0
2026/04/08 00:31:46 [notice] 1#1: worker process 21 exited with code 0
2026/04/08 00:31:46 [notice] 1#1: worker process 23 exited with code 0
2026/04/08 00:31:46 [notice] 1#1: worker process 28 exited with code 0
2026/04/08 00:31:46 [notice] 1#1: signal 29 (SIGIO) received
2026/04/08 00:31:46 [notice] 1#1: signal 17 (SIGCHLD) received from 21
2026/04/08 00:31:46 [notice] 1#1: worker process 22 exited with code 0
2026/04/08 00:31:46 [notice] 1#1: worker process 24 exited with code 0
2026/04/08 00:31:46 [notice] 1#1: worker process 25 exited with code 0
2026/04/08 00:31:46 [notice] 1#1: worker process 26 exited with code 0
2026/04/08 00:31:46 [notice] 1#1: exit
2026/04/08 00:31:55 [notice] 1#1: using the "epoll" event method
2026/04/08 00:31:55 [notice] 1#1: nginx/1.27.5
2026/04/08 00:31:55 [notice] 1#1: built by gcc 14.2.0 (Alpine 14.2.0) 
2026/04/08 00:31:55 [notice] 1#1: OS: Linux 6.12.72-linuxkit
2026/04/08 00:31:55 [notice] 1#1: getrlimit(RLIMIT_NOFILE): 1048576:1048576
2026/04/08 00:31:55 [notice] 1#1: start worker processes
2026/04/08 00:31:55 [notice] 1#1: start worker process 21
2026/04/08 00:31:55 [notice] 1#1: start worker process 22
2026/04/08 00:31:55 [notice] 1#1: start worker process 23
2026/04/08 00:31:55 [notice] 1#1: start worker process 24
2026/04/08 00:31:55 [notice] 1#1: start worker process 25
2026/04/08 00:31:55 [notice] 1#1: start worker process 26
2026/04/08 00:31:55 [notice] 1#1: start worker process 27
2026/04/08 00:31:55 [notice] 1#1: start worker process 28
2026/04/08 00:32:00 [notice] 1#1: signal 17 (SIGCHLD) received from 36
2026/04/08 00:32:00 [notice] 1#1: unknown process 36 exited with code 0
2026/04/08 00:32:30 [notice] 1#1: signal 17 (SIGCHLD) received from 44
2026/04/08 00:32:30 [notice] 1#1: unknown process 44 exited with code 0
2026/04/08 00:33:00 [notice] 1#1: signal 17 (SIGCHLD) received from 52
2026/04/08 00:33:00 [notice] 1#1: unknown process 52 exited with code 0
2026/04/08 00:33:31 [notice] 1#1: signal 17 (SIGCHLD) received from 60
2026/04/08 00:33:31 [notice] 1#1: unknown process 60 exited with code 0
2026/04/08 00:34:02 [notice] 1#1: signal 17 (SIGCHLD) received from 68
2026/04/08 00:34:02 [notice] 1#1: unknown process 68 exited with code 0
2026/04/08 00:34:34 [notice] 1#1: signal 17 (SIGCHLD) received from 76
2026/04/08 00:34:34 [notice] 1#1: unknown process 76 exited with code 0
2026/04/08 00:35:05 [notice] 1#1: signal 17 (SIGCHLD) received from 84
2026/04/08 00:35:05 [notice] 1#1: unknown process 84 exited with code 0
2026/04/08 00:35:36 [notice] 1#1: signal 17 (SIGCHLD) received from 92
2026/04/08 00:35:36 [notice] 1#1: unknown process 92 exited with code 0
2026/04/08 00:36:06 [notice] 1#1: signal 17 (SIGCHLD) received from 100
2026/04/08 00:36:06 [notice] 1#1: unknown process 100 exited with code 0
2026/04/08 00:36:37 [notice] 1#1: signal 17 (SIGCHLD) received from 108
2026/04/08 00:36:37 [notice] 1#1: unknown process 108 exited with code 0
2026/04/08 00:37:08 [notice] 1#1: signal 17 (SIGCHLD) received from 116
2026/04/08 00:37:08 [notice] 1#1: unknown process 116 exited with code 0
2026/04/08 00:37:40 [notice] 1#1: signal 17 (SIGCHLD) received from 124
2026/04/08 00:37:40 [notice] 1#1: unknown process 124 exited with code 0
2026/04/08 00:38:10 [notice] 1#1: signal 17 (SIGCHLD) received from 132
2026/04/08 00:38:10 [notice] 1#1: unknown process 132 exited with code 0
2026/04/08 00:38:40 [notice] 1#1: signal 17 (SIGCHLD) received from 139
2026/04/08 00:38:40 [notice] 1#1: unknown process 139 exited with code 0
2026/04/08 00:39:10 [notice] 1#1: signal 17 (SIGCHLD) received from 147
2026/04/08 00:39:10 [notice] 1#1: unknown process 147 exited with code 0
2026/04/08 00:39:41 [notice] 1#1: signal 17 (SIGCHLD) received from 155
2026/04/08 00:39:41 [notice] 1#1: unknown process 155 exited with code 0
2026/04/08 00:40:11 [notice] 1#1: signal 17 (SIGCHLD) received from 163
2026/04/08 00:40:11 [notice] 1#1: unknown process 163 exited with code 0
2026/04/08 00:40:42 [notice] 1#1: signal 17 (SIGCHLD) received from 171
2026/04/08 00:40:42 [notice] 1#1: unknown process 171 exited with code 0
2026/04/08 00:41:13 [notice] 1#1: signal 17 (SIGCHLD) received from 179
2026/04/08 00:41:13 [notice] 1#1: unknown process 179 exited with code 0
2026/04/08 00:41:44 [notice] 1#1: signal 17 (SIGCHLD) received from 187
2026/04/08 00:41:44 [notice] 1#1: unknown process 187 exited with code 0
2026/04/08 00:42:19 [notice] 1#1: signal 17 (SIGCHLD) received from 195
2026/04/08 00:42:19 [notice] 1#1: unknown process 195 exited with code 0
2026/04/08 00:42:52 [notice] 1#1: signal 17 (SIGCHLD) received from 203
2026/04/08 00:42:52 [notice] 1#1: unknown process 203 exited with code 0
2026/04/08 00:43:26 [notice] 1#1: signal 17 (SIGCHLD) received from 211
2026/04/08 00:43:26 [notice] 1#1: unknown process 211 exited with code 0
2026/04/08 00:43:56 [notice] 1#1: signal 17 (SIGCHLD) received from 219
2026/04/08 00:43:56 [notice] 1#1: unknown process 219 exited with code 0
2026/04/08 00:44:27 [notice] 1#1: signal 17 (SIGCHLD) received from 227
2026/04/08 00:44:27 [notice] 1#1: unknown process 227 exited with code 0
2026/04/08 00:44:57 [notice] 1#1: signal 17 (SIGCHLD) received from 235
2026/04/08 00:44:57 [notice] 1#1: unknown process 235 exited with code 0
2026/04/08 00:45:28 [notice] 1#1: signal 17 (SIGCHLD) received from 243
2026/04/08 00:45:28 [notice] 1#1: unknown process 243 exited with code 0
2026/04/08 00:45:58 [notice] 1#1: signal 17 (SIGCHLD) received from 251
2026/04/08 00:45:58 [notice] 1#1: unknown process 251 exited with code 0
2026/04/08 00:46:28 [notice] 1#1: signal 17 (SIGCHLD) received from 259
2026/04/08 00:46:28 [notice] 1#1: unknown process 259 exited with code 0
2026/04/08 00:46:58 [notice] 1#1: signal 17 (SIGCHLD) received from 266
2026/04/08 00:46:58 [notice] 1#1: unknown process 266 exited with code 0
2026/04/08 00:47:29 [notice] 1#1: signal 17 (SIGCHLD) received from 273
2026/04/08 00:47:29 [notice] 1#1: unknown process 273 exited with code 0
2026/04/08 00:47:59 [notice] 1#1: signal 17 (SIGCHLD) received from 281
2026/04/08 00:47:59 [notice] 1#1: unknown process 281 exited with code 0
2026/04/08 00:48:30 [notice] 1#1: signal 17 (SIGCHLD) received from 289
2026/04/08 00:48:30 [notice] 1#1: unknown process 289 exited with code 0
2026/04/08 00:49:00 [notice] 1#1: signal 17 (SIGCHLD) received from 298
2026/04/08 00:49:00 [notice] 1#1: unknown process 298 exited with code 0
2026/04/08 00:49:30 [notice] 1#1: signal 17 (SIGCHLD) received from 306
2026/04/08 00:49:30 [notice] 1#1: unknown process 306 exited with code 0
2026/04/08 00:50:00 [notice] 1#1: signal 17 (SIGCHLD) received from 314
2026/04/08 00:50:00 [notice] 1#1: unknown process 314 exited with code 0
2026/04/08 00:50:30 [notice] 1#1: signal 17 (SIGCHLD) received from 322
2026/04/08 00:50:30 [notice] 1#1: unknown process 322 exited with code 0
2026/04/08 00:51:00 [notice] 1#1: signal 17 (SIGCHLD) received from 330
2026/04/08 00:51:00 [notice] 1#1: unknown process 330 exited with code 0
2026/04/08 00:51:30 [notice] 1#1: signal 17 (SIGCHLD) received from 338
2026/04/08 00:51:30 [notice] 1#1: unknown process 338 exited with code 0
2026/04/08 00:52:00 [notice] 1#1: signal 17 (SIGCHLD) received from 346
2026/04/08 00:52:00 [notice] 1#1: unknown process 346 exited with code 0
2026/04/08 00:52:30 [notice] 1#1: signal 17 (SIGCHLD) received from 354
2026/04/08 00:52:30 [notice] 1#1: unknown process 354 exited with code 0
2026/04/08 00:53:01 [notice] 1#1: signal 17 (SIGCHLD) received from 362
2026/04/08 00:53:01 [notice] 1#1: unknown process 362 exited with code 0
2026/04/08 00:53:31 [notice] 1#1: signal 17 (SIGCHLD) received from 370
2026/04/08 00:53:31 [notice] 1#1: unknown process 370 exited with code 0
2026/04/08 00:54:01 [notice] 1#1: signal 17 (SIGCHLD) received from 378
2026/04/08 00:54:01 [notice] 1#1: unknown process 378 exited with code 0
2026/04/08 00:54:32 [notice] 1#1: signal 17 (SIGCHLD) received from 386
2026/04/08 00:54:32 [notice] 1#1: unknown process 386 exited with code 0
2026/04/08 00:55:02 [notice] 1#1: signal 17 (SIGCHLD) received from 394
2026/04/08 00:55:02 [notice] 1#1: unknown process 394 exited with code 0
2026/04/08 00:55:32 [notice] 1#1: signal 17 (SIGCHLD) received from 402
2026/04/08 00:55:32 [notice] 1#1: unknown process 402 exited with code 0
2026/04/08 00:56:02 [notice] 1#1: signal 17 (SIGCHLD) received from 410
2026/04/08 00:56:02 [notice] 1#1: unknown process 410 exited with code 0
2026/04/08 00:56:32 [notice] 1#1: signal 17 (SIGCHLD) received from 418
2026/04/08 00:56:32 [notice] 1#1: unknown process 418 exited with code 0
2026/04/08 00:57:02 [notice] 1#1: signal 17 (SIGCHLD) received from 426
2026/04/08 00:57:02 [notice] 1#1: unknown process 426 exited with code 0
2026/04/08 00:57:32 [notice] 1#1: signal 17 (SIGCHLD) received from 434
2026/04/08 00:57:32 [notice] 1#1: unknown process 434 exited with code 0
2026/04/08 00:58:03 [notice] 1#1: signal 17 (SIGCHLD) received from 442
2026/04/08 00:58:03 [notice] 1#1: unknown process 442 exited with code 0
2026/04/08 00:58:33 [notice] 1#1: signal 17 (SIGCHLD) received from 450
2026/04/08 00:58:33 [notice] 1#1: unknown process 450 exited with code 0
2026/04/08 00:59:03 [notice] 1#1: signal 17 (SIGCHLD) received from 458
2026/04/08 00:59:03 [notice] 1#1: unknown process 458 exited with code 0
2026/04/08 00:59:33 [notice] 1#1: signal 17 (SIGCHLD) received from 466
2026/04/08 00:59:33 [notice] 1#1: unknown process 466 exited with code 0
2026/04/08 01:00:03 [notice] 1#1: signal 17 (SIGCHLD) received from 474
2026/04/08 01:00:03 [notice] 1#1: unknown process 474 exited with code 0
2026/04/08 01:00:33 [notice] 1#1: signal 17 (SIGCHLD) received from 482
2026/04/08 01:00:33 [notice] 1#1: unknown process 482 exited with code 0
2026/04/08 01:01:03 [notice] 1#1: signal 17 (SIGCHLD) received from 490
2026/04/08 01:01:03 [notice] 1#1: unknown process 490 exited with code 0
2026/04/08 01:01:34 [notice] 1#1: signal 17 (SIGCHLD) received from 498
2026/04/08 01:01:34 [notice] 1#1: unknown process 498 exited with code 0
2026/04/08 01:02:04 [notice] 1#1: signal 17 (SIGCHLD) received from 506
2026/04/08 01:02:04 [notice] 1#1: unknown process 506 exited with code 0
2026/04/08 01:02:34 [notice] 1#1: signal 17 (SIGCHLD) received from 514
2026/04/08 01:02:34 [notice] 1#1: unknown process 514 exited with code 0
2026/04/08 01:03:04 [notice] 1#1: signal 17 (SIGCHLD) received from 522
2026/04/08 01:03:04 [notice] 1#1: unknown process 522 exited with code 0
2026/04/08 01:03:34 [notice] 1#1: signal 17 (SIGCHLD) received from 530
2026/04/08 01:03:34 [notice] 1#1: unknown process 530 exited with code 0
2026/04/08 01:04:04 [notice] 1#1: signal 17 (SIGCHLD) received from 538
2026/04/08 01:04:04 [notice] 1#1: unknown process 538 exited with code 0
2026/04/08 01:04:34 [notice] 1#1: signal 17 (SIGCHLD) received from 546
2026/04/08 01:04:34 [notice] 1#1: unknown process 546 exited with code 0
2026/04/08 01:05:05 [notice] 1#1: signal 17 (SIGCHLD) received from 554
2026/04/08 01:05:05 [notice] 1#1: unknown process 554 exited with code 0
2026/04/08 01:05:36 [notice] 1#1: signal 17 (SIGCHLD) received from 562
2026/04/08 01:05:36 [notice] 1#1: unknown process 562 exited with code 0
2026/04/08 01:06:06 [notice] 1#1: signal 17 (SIGCHLD) received from 570
2026/04/08 01:06:06 [notice] 1#1: unknown process 570 exited with code 0
2026/04/08 01:06:36 [notice] 1#1: signal 17 (SIGCHLD) received from 578
2026/04/08 01:06:36 [notice] 1#1: unknown process 578 exited with code 0
2026/04/08 01:07:06 [notice] 1#1: signal 17 (SIGCHLD) received from 587
2026/04/08 01:07:06 [notice] 1#1: unknown process 587 exited with code 0
2026/04/08 01:07:37 [notice] 1#1: signal 17 (SIGCHLD) received from 595
2026/04/08 01:07:37 [notice] 1#1: unknown process 595 exited with code 0
2026/04/08 01:08:07 [notice] 1#1: signal 17 (SIGCHLD) received from 603
2026/04/08 01:08:07 [notice] 1#1: unknown process 603 exited with code 0
2026/04/08 01:08:37 [notice] 1#1: signal 17 (SIGCHLD) received from 611
2026/04/08 01:08:37 [notice] 1#1: unknown process 611 exited with code 0
2026/04/08 01:09:07 [notice] 1#1: signal 17 (SIGCHLD) received from 619
2026/04/08 01:09:07 [notice] 1#1: unknown process 619 exited with code 0
2026/04/08 01:09:37 [notice] 1#1: signal 17 (SIGCHLD) received from 627
2026/04/08 01:09:37 [notice] 1#1: unknown process 627 exited with code 0
2026/04/08 01:10:07 [notice] 1#1: signal 17 (SIGCHLD) received from 635
2026/04/08 01:10:07 [notice] 1#1: unknown process 635 exited with code 0
2026/04/08 01:10:38 [notice] 1#1: signal 17 (SIGCHLD) received from 643
2026/04/08 01:10:38 [notice] 1#1: unknown process 643 exited with code 0
2026/04/08 01:11:08 [notice] 1#1: signal 17 (SIGCHLD) received from 651
2026/04/08 01:11:08 [notice] 1#1: unknown process 651 exited with code 0
2026/04/08 01:11:39 [notice] 1#1: signal 17 (SIGCHLD) received from 659
2026/04/08 01:11:39 [notice] 1#1: unknown process 659 exited with code 0
2026/04/08 01:12:10 [notice] 1#1: signal 17 (SIGCHLD) received from 667
2026/04/08 01:12:10 [notice] 1#1: unknown process 667 exited with code 0
2026/04/08 01:12:41 [notice] 1#1: signal 17 (SIGCHLD) received from 675
2026/04/08 01:12:41 [notice] 1#1: unknown process 675 exited with code 0
2026/04/08 01:13:11 [notice] 1#1: signal 17 (SIGCHLD) received from 682
2026/04/08 01:13:11 [notice] 1#1: unknown process 682 exited with code 0
2026/04/08 01:13:41 [notice] 1#1: signal 17 (SIGCHLD) received from 690
2026/04/08 01:13:41 [notice] 1#1: unknown process 690 exited with code 0
2026/04/08 01:14:11 [notice] 1#1: signal 17 (SIGCHLD) received from 698
2026/04/08 01:14:11 [notice] 1#1: unknown process 698 exited with code 0
2026/04/08 01:14:42 [notice] 1#1: signal 17 (SIGCHLD) received from 706
2026/04/08 01:14:42 [notice] 1#1: unknown process 706 exited with code 0
2026/04/08 01:15:12 [notice] 1#1: signal 17 (SIGCHLD) received from 714
2026/04/08 01:15:12 [notice] 1#1: unknown process 714 exited with code 0
2026/04/08 01:15:42 [notice] 1#1: signal 17 (SIGCHLD) received from 722
2026/04/08 01:15:42 [notice] 1#1: unknown process 722 exited with code 0
2026/04/08 01:16:12 [notice] 1#1: signal 17 (SIGCHLD) received from 730
2026/04/08 01:16:12 [notice] 1#1: unknown process 730 exited with code 0
2026/04/08 01:16:43 [notice] 1#1: signal 17 (SIGCHLD) received from 739
2026/04/08 01:16:43 [notice] 1#1: unknown process 739 exited with code 0
2026/04/08 01:17:13 [notice] 1#1: signal 17 (SIGCHLD) received from 747
2026/04/08 01:17:13 [notice] 1#1: unknown process 747 exited with code 0
2026/04/08 01:17:43 [notice] 1#1: signal 17 (SIGCHLD) received from 755
2026/04/08 01:17:43 [notice] 1#1: unknown process 755 exited with code 0
